<?xml version="1.0" encoding="utf-8"?><testsuites><testsuite errors="0" failures="0" hostname="appler-xyz" name="pytest" skipped="0" tests="1" time="0.028" timestamp="2021-04-07T16:50:50.758396"><testcase classname="sbase-submodule.tests.test_sub" name="test_function" time="0.001" /></testsuite></testsuites>